<?xml version="1.0" encoding="UTF-8"?>
<!-- Generated by org.testng.reporters.JUnitReportReporter -->
<testsuite skipped="1" hostname="DESKTOP-19EE3AO" name="day8.TestNGExamples.Example_Param3" tests="3" failures="0" timestamp="2022-10-19T22:15:50 IST" time="0.007" errors="0">
  <testcase name="Login" time="0.006" classname="day8.TestNGExamples.Example_Param3"/>
  <system-out/>
  <testcase name="Logout" time="0.001" classname="day8.TestNGExamples.Example_Param3"/>
  <system-out/>
  <testcase name="sendEmail" classname="day8.TestNGExamples.Example_Param3">
    <skipped/>
  </testcase> <!-- sendEmail -->
  <system-out/>
</testsuite> <!-- day8.TestNGExamples.Example_Param3 -->
