<?xml version="1.0" encoding="UTF-8"?>
<!-- Generated by org.testng.reporters.JUnitReportReporter -->
<testsuite skipped="0" hostname="DESKTOP-19EE3AO" name="day8.TestNGExamples.Example_Annotation_test_method" tests="2" failures="0" timestamp="2022-10-19T23:36:33 IST" time="0.008" errors="0">
  <testcase name="verifyLogin" time="0.006" classname="day8.TestNGExamples.Example_Annotation_test_method"/>
  <system-out/>
  <testcase name="createTask" time="0.002" classname="day8.TestNGExamples.Example_Annotation_test_method"/>
  <system-out/>
</testsuite> <!-- day8.TestNGExamples.Example_Annotation_test_method -->
