<?xml version="1.0" encoding="UTF-8"?>
<!-- Generated by org.testng.reporters.JUnitReportReporter -->
<testsuite skipped="0" hostname="DESKTOP-19EE3AO" name="day8.TestNGExamples.Example8" tests="1" failures="0" timestamp="2022-10-19T20:25:15 IST" time="15.992" errors="0">
  <testcase name="loginLogoutInActitimeApplication" time="15.992" classname="day8.TestNGExamples.Example8"/>
  <system-out/>
</testsuite> <!-- day8.TestNGExamples.Example8 -->
