<?xml version="1.0" encoding="UTF-8"?>
<!-- Generated by org.testng.reporters.JUnitReportReporter -->
<testsuite skipped="1" hostname="DESKTOP-19EE3AO" name="day8.TestNGExamples.Example_Param4" tests="3" failures="0" timestamp="2022-10-19T22:26:07 IST" time="0.008" errors="0">
  <testcase name="sendEmail" time="0.001" classname="day8.TestNGExamples.Example_Param4"/>
  <system-out/>
  <testcase name="Login" time="0.007" classname="day8.TestNGExamples.Example_Param4"/>
  <system-out/>
  <testcase name="Logout" classname="day8.TestNGExamples.Example_Param4">
    <skipped/>
  </testcase> <!-- Logout -->
  <system-out/>
</testsuite> <!-- day8.TestNGExamples.Example_Param4 -->
