<?xml version="1.0" encoding="UTF-8"?>
<!-- Generated by org.testng.reporters.JUnitReportReporter -->
<testsuite skipped="0" hostname="DESKTOP-19EE3AO" name="day8.TestNGExamples.Example9" tests="1" failures="0" timestamp="2022-10-19T21:24:29 IST" time="6.626" errors="0">
  <testcase name="DemoAutomationTesting" time="6.626" classname="day8.TestNGExamples.Example9"/>
  <system-out/>
</testsuite> <!-- day8.TestNGExamples.Example9 -->
