<?xml version="1.0" encoding="UTF-8"?>
<!-- Generated by org.testng.reporters.JUnitReportReporter -->
<testsuite skipped="0" hostname="DESKTOP-19EE3AO" name="day8.TestNGExamples.Example10" tests="1" failures="0" timestamp="2022-10-19T21:34:24 IST" time="5.839" errors="0">
  <testcase name="FlipcartMainMenu" time="5.839" classname="day8.TestNGExamples.Example10"/>
  <system-out/>
</testsuite> <!-- day8.TestNGExamples.Example10 -->
