<?xml version="1.0" encoding="UTF-8"?>
<!-- Generated by org.testng.reporters.JUnitReportReporter -->
<testsuite skipped="0" hostname="DESKTOP-19EE3AO" name="day8.TestNGExamples.Example6" tests="2" failures="0" timestamp="2022-10-19T20:25:15 IST" time="0.000" errors="0">
  <testcase name="testCase7" time="0.000" classname="day8.TestNGExamples.Example6"/>
  <system-out/>
  <testcase name="testCase8" time="0.000" classname="day8.TestNGExamples.Example6"/>
  <system-out/>
</testsuite> <!-- day8.TestNGExamples.Example6 -->
