<?xml version="1.0" encoding="UTF-8"?>
<!-- Generated by org.testng.reporters.JUnitReportReporter -->
<testsuite skipped="0" hostname="DESKTOP-19EE3AO" name="day8.TestNGExamples.Example_Param7" tests="3" failures="0" timestamp="2022-10-19T22:57:28 IST" time="0.009" errors="0">
  <testcase name="Login" time="0.007" classname="day8.TestNGExamples.Example_Param7"/>
  <system-out/>
  <testcase name="sendEmail" time="0.001" classname="day8.TestNGExamples.Example_Param7"/>
  <system-out/>
  <testcase name="Logout" time="0.001" classname="day8.TestNGExamples.Example_Param7"/>
  <system-out/>
</testsuite> <!-- day8.TestNGExamples.Example_Param7 -->
