<?xml version="1.0" encoding="UTF-8"?>
<!-- Generated by org.testng.reporters.JUnitReportReporter -->
<testsuite skipped="0" hostname="DESKTOP-19EE3AO" name="day8.TestNGExamples.TestCase1" tests="1" failures="0" timestamp="2022-10-19T20:25:15 IST" time="0.007" errors="0">
  <testcase name="tc1" time="0.007" classname="day8.TestNGExamples.TestCase1"/>
  <system-out/>
</testsuite> <!-- day8.TestNGExamples.TestCase1 -->
