<?xml version="1.0" encoding="UTF-8"?>
<!-- Generated by org.testng.reporters.JUnitReportReporter -->
<testsuite skipped="0" hostname="DESKTOP-19EE3AO" name="day8.TestNGExamples.Example_param1" tests="5" failures="0" timestamp="2022-10-19T22:03:06 IST" time="0.012" errors="0">
  <testcase name="param1" time="0.002" classname="day8.TestNGExamples.Example_param1"/>
  <system-out/>
  <testcase name="param1" time="0.001" classname="day8.TestNGExamples.Example_param1"/>
  <system-out/>
  <testcase name="param1" time="0.007" classname="day8.TestNGExamples.Example_param1"/>
  <system-out/>
  <testcase name="param1" time="0.001" classname="day8.TestNGExamples.Example_param1"/>
  <system-out/>
  <testcase name="param1" time="0.001" classname="day8.TestNGExamples.Example_param1"/>
  <system-out/>
</testsuite> <!-- day8.TestNGExamples.Example_param1 -->
